<?xml version="1.0" encoding="UTF-8"?>
<testng-results ignored="0" total="1" passed="1" failed="0" skipped="0">
  <reporter-output>
  </reporter-output>
  <suite started-at="2024-04-25T14:54:30 IST" name="Default suite" finished-at="2024-04-25T14:54:42 IST" duration-ms="12280">
    <groups>
    </groups>
    <test started-at="2024-04-25T14:54:30 IST" name="Default test" finished-at="2024-04-25T14:54:42 IST" duration-ms="12280">
      <class name="com.crm.qa.testcases.HomePageTest">
        <test-method is-config="true" signature="setUp()[pri:0, instance:com.crm.qa.testcases.HomePageTest@3f91b517]" started-at="2024-04-25T14:54:30 IST" name="setUp" finished-at="2024-04-25T14:54:36 IST" duration-ms="6313" status="PASS">
          <reporter-output>
          </reporter-output>
        </test-method> <!-- setUp -->
        <test-method signature="companyNameDisplayTest()[pri:0, instance:com.crm.qa.testcases.HomePageTest@3f91b517]" started-at="2024-04-25T14:54:36 IST" name="companyNameDisplayTest" finished-at="2024-04-25T14:54:42 IST" duration-ms="5758" status="PASS">
          <reporter-output>
          </reporter-output>
        </test-method> <!-- companyNameDisplayTest -->
        <test-method is-config="true" signature="teardown()[pri:0, instance:com.crm.qa.testcases.HomePageTest@3f91b517]" started-at="2024-04-25T14:54:42 IST" name="teardown" finished-at="2024-04-25T14:54:42 IST" duration-ms="156" status="PASS">
          <reporter-output>
          </reporter-output>
        </test-method> <!-- teardown -->
      </class> <!-- com.crm.qa.testcases.HomePageTest -->
    </test> <!-- Default test -->
  </suite> <!-- Default suite -->
</testng-results>
